<?xml version="1.0" encoding="UTF-8"?>
  <testsuite tests="1" failures="0" time="15.766625012">
      <testcase name="Verification/Droplets finds the previously created droplet" classname="Buildpacks" time="0">
          <skipped></skipped>
      </testcase>
      <testcase name="BuildpackCache uses the buildpack cache when restaging an app" classname="Buildpacks" time="0">
          <skipped></skipped>
      </testcase>
      <testcase name="Buildpacks uses a previously uploaded buildpack" classname="Buildpacks" time="0">
          <skipped></skipped>
      </testcase>
      <testcase name="Packages starts an app with a package previously uploaded" classname="Buildpacks" time="0">
          <skipped></skipped>
      </testcase>
      <testcase name="AppBits uses previously cached app_bits" classname="Buildpacks" time="9.428208281"></testcase>
  </testsuite>